[2026-03-22 09:56:10] production.ERROR: Unclosed '{' on line 10 does not match ')' {"exception":"[object] (ParseError(code: 0): Unclosed '{' on line 10 does not match ')' at /var/www/pedroo/app/Providers/AppServiceProvider.php:32)
[stacktrace]
#0 /var/www/pedroo/vendor/composer/ClassLoader.php(427): Composer\\Autoload\\{closure}()
#1 [internal function]: Composer\\Autoload\\ClassLoader->loadClass()
#2 /var/www/pedroo/vendor/laravel/framework/src/Illuminate/Foundation/Bootstrap/RegisterProviders.php(52): class_exists()
#3 /var/www/pedroo/vendor/laravel/framework/src/Illuminate/Foundation/Bootstrap/RegisterProviders.php(34): Illuminate\\Foundation\\Bootstrap\\RegisterProviders->mergeAdditionalProviders()
#4 /var/www/pedroo/vendor/laravel/framework/src/Illuminate/Foundation/Application.php(342): Illuminate\\Foundation\\Bootstrap\\RegisterProviders->bootstrap()
#5 /var/www/pedroo/vendor/laravel/framework/src/Illuminate/Foundation/Console/Kernel.php(494): Illuminate\\Foundation\\Application->bootstrapWith()
#6 /var/www/pedroo/vendor/laravel/framework/src/Illuminate/Foundation/Console/Kernel.php(196): Illuminate\\Foundation\\Console\\Kernel->bootstrap()
#7 /var/www/pedroo/vendor/laravel/framework/src/Illuminate/Foundation/Application.php(1235): Illuminate\\Foundation\\Console\\Kernel->handle()
#8 /var/www/pedroo/artisan(16): Illuminate\\Foundation\\Application->handleCommand()
#9 {main}
"} 
[2026-03-22 09:56:29] production.ERROR: Unclosed '{' on line 10 does not match ')' {"exception":"[object] (ParseError(code: 0): Unclosed '{' on line 10 does not match ')' at /var/www/pedroo/app/Providers/AppServiceProvider.php:32)
[stacktrace]
#0 /var/www/pedroo/vendor/composer/ClassLoader.php(427): Composer\\Autoload\\{closure}()
#1 [internal function]: Composer\\Autoload\\ClassLoader->loadClass()
#2 /var/www/pedroo/vendor/laravel/framework/src/Illuminate/Foundation/Bootstrap/RegisterProviders.php(52): class_exists()
#3 /var/www/pedroo/vendor/laravel/framework/src/Illuminate/Foundation/Bootstrap/RegisterProviders.php(34): Illuminate\\Foundation\\Bootstrap\\RegisterProviders->mergeAdditionalProviders()
#4 /var/www/pedroo/vendor/laravel/framework/src/Illuminate/Foundation/Application.php(342): Illuminate\\Foundation\\Bootstrap\\RegisterProviders->bootstrap()
#5 /var/www/pedroo/vendor/laravel/framework/src/Illuminate/Foundation/Console/Kernel.php(494): Illuminate\\Foundation\\Application->bootstrapWith()
#6 /var/www/pedroo/vendor/laravel/framework/src/Illuminate/Foundation/Console/Kernel.php(196): Illuminate\\Foundation\\Console\\Kernel->bootstrap()
#7 /var/www/pedroo/vendor/laravel/framework/src/Illuminate/Foundation/Application.php(1235): Illuminate\\Foundation\\Console\\Kernel->handle()
#8 /var/www/pedroo/artisan(16): Illuminate\\Foundation\\Application->handleCommand()
#9 {main}
"} 
